2020-11-22 23:04:47.386 - INFO - 5297 - azureml.train.automl._azureautomlclient.modify_run_configuration:199 - Package azureml-train-automl missing from dependencies file.
2020-11-22 23:04:47.386 - INFO - 5297 - azureml.train.automl._azureautomlclient.modify_run_configuration:205 - Using pinned version: azureml-train-automl==1.18.0.*
2020-11-22 23:04:47.387 - INFO - 5297 - azureml.train.automl._azureautomlclient.modify_run_configuration:199 - Package pandas missing from dependencies file.
2020-11-22 23:04:47.387 - INFO - 5297 - azureml.train.automl._azureautomlclient.modify_run_configuration:205 - Using pinned version: pandas==0.25.1
2020-11-22 23:04:47.388 - INFO - 5297 - azureml.train.automl._azureautomlclient.modify_run_configuration:199 - Package psutil missing from dependencies file.
2020-11-22 23:04:47.388 - INFO - 5297 - azureml.train.automl._azureautomlclient.modify_run_configuration:205 - Using pinned version: psutil>5.0.0,<6.0.0
2020-11-22 23:04:47.388 - INFO - 5297 - azureml.train.automl._azureautomlclient.modify_run_configuration:199 - Package scikit-learn missing from dependencies file.
2020-11-22 23:04:47.388 - INFO - 5297 - azureml.train.automl._azureautomlclient.modify_run_configuration:205 - Using pinned version: scikit-learn==0.22.1
2020-11-22 23:04:47.388 - INFO - 5297 - azureml.train.automl._azureautomlclient.modify_run_configuration:199 - Package numpy missing from dependencies file.
2020-11-22 23:04:47.388 - INFO - 5297 - azureml.train.automl._azureautomlclient.modify_run_configuration:205 - Using pinned version: numpy~=1.18.0
2020-11-22 23:04:47.388 - INFO - 5297 - azureml.train.automl._azureautomlclient.modify_run_configuration:199 - Package py-xgboost missing from dependencies file.
2020-11-22 23:04:47.388 - INFO - 5297 - azureml.train.automl._azureautomlclient.modify_run_configuration:205 - Using pinned version: py-xgboost<=0.90
2020-11-22 23:04:47.388 - INFO - 5297 - azureml.train.automl._azureautomlclient.modify_run_configuration:199 - Package inference-schema missing from dependencies file.
2020-11-22 23:04:47.389 - INFO - 5297 - azureml.train.automl._azureautomlclient.modify_run_configuration:199 - Package fbprophet missing from dependencies file.
2020-11-22 23:04:47.389 - INFO - 5297 - azureml.train.automl._azureautomlclient.modify_run_configuration:205 - Using pinned version: fbprophet==0.5
2020-11-22 23:04:47.389 - INFO - 5297 - azureml.train.automl._azureautomlclient.modify_run_configuration:199 - Package setuptools-git missing from dependencies file.
2020-11-22 23:04:47.389 - INFO - 5297 - azureml.train.automl._azureautomlclient.modify_run_configuration:209 - Using installed version: setuptools-git==1.2
2020-11-22 23:04:47.416 - INFO - 5297 - azureml.train.automl._azureautomlclient._validate_input:625 - Start data validation.
2020-11-22 23:04:58.984 - INFO - 5297 - azureml.train.automl._azureautomlclient._validate_input:636 - Validation service found the data has no errors.
2020-11-22 23:04:58.985 - INFO - 5297 - azureml.train.automl._azureautomlclient._create_parent_run_for_remote:510 - Start creating parent run.
2020-11-22 23:05:00.016 - INFO - 5297 - azureml.train.automl._azureautomlclient._create_parent_run_for_remote:530 - [ParentRunID:AutoML_796dfc3f-4a45-43dd-9c85-5d961c7b3103] Remote run using input X and y.
2020-11-22 23:05:00.536 - INFO - 5297 - azureml.train.automl._azureautomlclient._create_parent_run_for_remote:543 - Parent Run ID: AutoML_796dfc3f-4a45-43dd-9c85-5d961c7b3103
2020-11-22 23:05:00.537 - INFO - 5297 - azureml.train.automl._azureautomlclient._fit_remote_core:472 - Starting a snapshot run (snapshot_id : None)
